<?xml version="1.0" encoding="UTF-8"?>
<testsuite xmlns:xsi="http://www.w3.org/2001/XMLSchema-instance" xsi:noNamespaceSchemaLocation="https://maven.apache.org/surefire/maven-failsafe-plugin/xsd/failsafe-test-report-3.0.xsd" version="3.0" name="com.epam.brest.courses.service.Projects_DevelopersServiceImplIT" time="0.147" tests="3" errors="0" skipped="0" failures="0">
  <properties>
[...]
</properties>
  <testcase name="shouldSelectDevelopersFromProjects_Developers" classname="com.epam.brest.courses.service.Projects_DevelopersServiceImplIT" time="0.044"/>
  <testcase name="shouldDeleteDeveloperFromProject_Developers" classname="com.epam.brest.courses.service.Projects_DevelopersServiceImplIT" time="0.031"/>
  <testcase name="shouldAddDeveloperToProjects_Developers" classname="com.epam.brest.courses.service.Projects_DevelopersServiceImplIT" time="0.021"/>
</testsuite>