<?xml version="1.0" encoding="UTF-8"?>
<testsuite xmlns:xsi="http://www.w3.org/2001/XMLSchema-instance" xsi:noNamespaceSchemaLocation="https://maven.apache.org/surefire/maven-surefire-plugin/xsd/surefire-test-report.xsd" name="com.epam.brest.courses.web_app.validators.ProjectsValidatorTest" time="2.451" tests="4" errors="0" skipped="0" failures="0">
  <properties>
[...]
</properties>
  <testcase name="shouldRejectDescription" classname="com.epam.brest.courses.web_app.validators.ProjectsValidatorTest" time="2.396"/>
  <testcase name="shouldRejectNullDescription" classname="com.epam.brest.courses.web_app.validators.ProjectsValidatorTest" time="0.005"/>
  <testcase name="shouldValidateDescription" classname="com.epam.brest.courses.web_app.validators.ProjectsValidatorTest" time="0.004"/>
  <testcase name="shouldRejectEmptyDescription" classname="com.epam.brest.courses.web_app.validators.ProjectsValidatorTest" time="0.009"/>
</testsuite>