-------------------------------------------------------------------------------
Test set: com.epam.brest.courses.daoImpl.DevelopersMockTest
-------------------------------------------------------------------------------
Tests run: 1, Failures: 0, Errors: 1, Skipped: 0, Time elapsed: 7.416 s <<< FAILURE! - in com.epam.brest.courses.daoImpl.DevelopersMockTest
com.epam.brest.courses.daoImpl.DevelopersMockTest  Time elapsed: 7.415 s  <<< ERROR!
java.lang.IllegalStateException: Unable to find a @SpringBootConfiguration, you need to use @ContextConfiguration or @SpringBootTest(classes=...) with your test

