<?xml version="1.0" encoding="UTF-8"?>
<testsuite xmlns:xsi="http://www.w3.org/2001/XMLSchema-instance" xsi:noNamespaceSchemaLocation="https://maven.apache.org/surefire/maven-surefire-plugin/xsd/surefire-test-report.xsd" name="com.epam.brest.courses.daoImpl.DevelopersMockTest" time="7.416" tests="1" errors="1" skipped="0" failures="0">
  <properties>
[...]
</properties>
  <testcase name="com.epam.brest.courses.daoImpl.DevelopersMockTest" classname="com.epam.brest.courses.daoImpl.DevelopersMockTest" time="7.415">
    <error message="Unable to find a @SpringBootConfiguration, you need to use @ContextConfiguration or @SpringBootTest(classes=...) with your test" type="java.lang.IllegalStateException">java.lang.IllegalStateException: Unable to find a @SpringBootConfiguration, you need to use @ContextConfiguration or @SpringBootTest(classes=...) with your test
</error>
    <system-out><![CDATA[12:41:02 [main] DEBUG o.s.t.c.BootstrapUtils - Instantiating CacheAwareContextLoaderDelegate from class [org.springframework.test.context.cache.DefaultCacheAwareContextLoaderDelegate]
12:41:03 [main] DEBUG o.s.t.c.BootstrapUtils - Instantiating BootstrapContext using constructor [public org.springframework.test.context.support.DefaultBootstrapContext(java.lang.Class,org.springframework.test.context.CacheAwareContextLoaderDelegate)]
12:41:03 [main] DEBUG o.s.t.c.BootstrapUtils - Instantiating TestContextBootstrapper for test class [com.epam.brest.courses.daoImpl.DevelopersMockTest] from class [org.springframework.boot.test.context.SpringBootTestContextBootstrapper]
12:41:04 [main] INFO  o.s.b.t.c.SpringBootTestContextBootstrapper - Neither @ContextConfiguration nor @ContextHierarchy found for test class [com.epam.brest.courses.daoImpl.DevelopersMockTest], using SpringBootContextLoader
12:41:04 [main] DEBUG o.s.t.c.s.AbstractContextLoader - Did not detect default resource location for test class [com.epam.brest.courses.daoImpl.DevelopersMockTest]: class path resource [com/epam/brest/courses/daoImpl/DevelopersMockTest-context.xml] does not exist
12:41:04 [main] DEBUG o.s.t.c.s.AbstractContextLoader - Did not detect default resource location for test class [com.epam.brest.courses.daoImpl.DevelopersMockTest]: class path resource [com/epam/brest/courses/daoImpl/DevelopersMockTestContext.groovy] does not exist
12:41:04 [main] INFO  o.s.t.c.s.AbstractContextLoader - Could not detect default resource locations for test class [com.epam.brest.courses.daoImpl.DevelopersMockTest]: no resource found for suffixes {-context.xml, Context.groovy}.
12:41:04 [main] INFO  o.s.t.c.s.AnnotationConfigContextLoaderUtils - Could not detect default configuration classes for test class [com.epam.brest.courses.daoImpl.DevelopersMockTest]: DevelopersMockTest does not declare any static, non-private, non-final, nested classes annotated with @Configuration.
12:41:04 [main] DEBUG o.s.t.c.s.ActiveProfilesUtils - Could not find an 'annotation declaring class' for annotation type [org.springframework.test.context.ActiveProfiles] and class [com.epam.brest.courses.daoImpl.DevelopersMockTest]
12:41:05 [main] DEBUG o.s.t.c.BootstrapUtils - Instantiating CacheAwareContextLoaderDelegate from class [org.springframework.test.context.cache.DefaultCacheAwareContextLoaderDelegate]
12:41:05 [main] DEBUG o.s.t.c.BootstrapUtils - Instantiating BootstrapContext using constructor [public org.springframework.test.context.support.DefaultBootstrapContext(java.lang.Class,org.springframework.test.context.CacheAwareContextLoaderDelegate)]
12:41:05 [main] DEBUG o.s.t.c.BootstrapUtils - Instantiating TestContextBootstrapper for test class [com.epam.brest.courses.daoImpl.DevelopersMockTest] from class [org.springframework.boot.test.context.SpringBootTestContextBootstrapper]
12:41:05 [main] INFO  o.s.b.t.c.SpringBootTestContextBootstrapper - Neither @ContextConfiguration nor @ContextHierarchy found for test class [com.epam.brest.courses.daoImpl.DevelopersMockTest], using SpringBootContextLoader
12:41:05 [main] DEBUG o.s.t.c.s.AbstractContextLoader - Did not detect default resource location for test class [com.epam.brest.courses.daoImpl.DevelopersMockTest]: class path resource [com/epam/brest/courses/daoImpl/DevelopersMockTest-context.xml] does not exist
12:41:05 [main] DEBUG o.s.t.c.s.AbstractContextLoader - Did not detect default resource location for test class [com.epam.brest.courses.daoImpl.DevelopersMockTest]: class path resource [com/epam/brest/courses/daoImpl/DevelopersMockTestContext.groovy] does not exist
12:41:05 [main] INFO  o.s.t.c.s.AbstractContextLoader - Could not detect default resource locations for test class [com.epam.brest.courses.daoImpl.DevelopersMockTest]: no resource found for suffixes {-context.xml, Context.groovy}.
12:41:05 [main] INFO  o.s.t.c.s.AnnotationConfigContextLoaderUtils - Could not detect default configuration classes for test class [com.epam.brest.courses.daoImpl.DevelopersMockTest]: DevelopersMockTest does not declare any static, non-private, non-final, nested classes annotated with @Configuration.
12:41:05 [main] DEBUG o.s.t.c.s.ActiveProfilesUtils - Could not find an 'annotation declaring class' for annotation type [org.springframework.test.context.ActiveProfiles] and class [com.epam.brest.courses.daoImpl.DevelopersMockTest]
12:41:05 [main] DEBUG o.s.t.c.BootstrapUtils - Instantiating CacheAwareContextLoaderDelegate from class [org.springframework.test.context.cache.DefaultCacheAwareContextLoaderDelegate]
12:41:05 [main] DEBUG o.s.t.c.BootstrapUtils - Instantiating BootstrapContext using constructor [public org.springframework.test.context.support.DefaultBootstrapContext(java.lang.Class,org.springframework.test.context.CacheAwareContextLoaderDelegate)]
12:41:05 [main] DEBUG o.s.t.c.BootstrapUtils - Instantiating TestContextBootstrapper for test class [com.epam.brest.courses.daoImpl.DevelopersMockTest] from class [org.springframework.boot.test.context.SpringBootTestContextBootstrapper]
12:41:05 [main] INFO  o.s.b.t.c.SpringBootTestContextBootstrapper - Neither @ContextConfiguration nor @ContextHierarchy found for test class [com.epam.brest.courses.daoImpl.DevelopersMockTest], using SpringBootContextLoader
12:41:05 [main] DEBUG o.s.t.c.s.AbstractContextLoader - Did not detect default resource location for test class [com.epam.brest.courses.daoImpl.DevelopersMockTest]: class path resource [com/epam/brest/courses/daoImpl/DevelopersMockTest-context.xml] does not exist
12:41:05 [main] DEBUG o.s.t.c.s.AbstractContextLoader - Did not detect default resource location for test class [com.epam.brest.courses.daoImpl.DevelopersMockTest]: class path resource [com/epam/brest/courses/daoImpl/DevelopersMockTestContext.groovy] does not exist
12:41:05 [main] INFO  o.s.t.c.s.AbstractContextLoader - Could not detect default resource locations for test class [com.epam.brest.courses.daoImpl.DevelopersMockTest]: no resource found for suffixes {-context.xml, Context.groovy}.
12:41:05 [main] INFO  o.s.t.c.s.AnnotationConfigContextLoaderUtils - Could not detect default configuration classes for test class [com.epam.brest.courses.daoImpl.DevelopersMockTest]: DevelopersMockTest does not declare any static, non-private, non-final, nested classes annotated with @Configuration.
12:41:05 [main] DEBUG o.s.t.c.s.ActiveProfilesUtils - Could not find an 'annotation declaring class' for annotation type [org.springframework.test.context.ActiveProfiles] and class [com.epam.brest.courses.daoImpl.DevelopersMockTest]
]]></system-out>
  </testcase>
</testsuite>